This is e-pTeX, Version 3.14159265-p3.8.2-190131-2.6 (utf8.sjis) (TeX Live 2019/W32TeX) (preloaded format=platex 2020.1.22)  16 OCT 2021 18:30
entering extended mode
 restricted \write18 enabled.
 file:line:error style messages enabled.
 %&-line parsing enabled.
**c:/Users/Senna/github.com/Senna46/An-positive-analysis-of-the-monetary-transmission-mechanism-in-Europe-and-Japan/projects/main/graduation_20210104.tex
(c:/Users/Senna/github.com/Senna46/An-positive-analysis-of-the-monetary-transmission-mechanism-in-Europe-and-Japan/projects/main/graduation_20210104.tex
pLaTeX2e <2019-04-06> (based on LaTeX2e <2018-12-01>)
(f:/Program Files/texlive/2019/texmf-dist/tex/latex/base/article.cls
Document Class: article 2018/09/03 v1.4i Standard LaTeX document class
(f:/Program Files/texlive/2019/texmf-dist/tex/latex/base/size12.clo
File: size12.clo 2018/09/03 v1.4i Standard LaTeX file (size option)
)
\c@part=\count83
\c@section=\count84
\c@subsection=\count85
\c@subsubsection=\count86
\c@paragraph=\count87
\c@subparagraph=\count88
\c@figure=\count89
\c@table=\count90
\abovecaptionskip=\skip41
\belowcaptionskip=\skip42
\bibindent=\dimen118
) (f:/Program Files/texlive/2019/texmf-dist/tex/latex/tools/indentfirst.sty
Package: indentfirst 1995/11/23 v1.03 Indent first paragraph (DPC)
) (f:/Program Files/texlive/2019/texmf-dist/tex/platex/pxchfon/pxchfon.sty
Package: pxchfon 2019/03/24 v1.4a
) (f:/Program Files/texlive/2019/texmf-dist/tex/latex/geometry/geometry.sty
Package: geometry 2018/04/16 v5.8 Page Geometry
 (f:/Program Files/texlive/2019/texmf-dist/tex/latex/graphics/keyval.sty
Package: keyval 2014/10/28 v1.15 key=value parser (DPC)
\KV@toks@=\toks15
) (f:/Program Files/texlive/2019/texmf-dist/tex/generic/oberdiek/ifpdf.sty
Package: ifpdf 2018/09/07 v3.3 Provides the ifpdf switch
) (f:/Program Files/texlive/2019/texmf-dist/tex/generic/oberdiek/ifvtex.sty
Package: ifvtex 2016/05/16 v1.6 Detect VTeX and its facilities (HO)
Package ifvtex Info: VTeX not detected.
) (f:/Program Files/texlive/2019/texmf-dist/tex/generic/ifxetex/ifxetex.sty
Package: ifxetex 2010/09/12 v0.6 Provides ifxetex conditional
)
\Gm@cnth=\count91
\Gm@cntv=\count92
\c@Gm@tempcnt=\count93
\Gm@bindingoffset=\dimen119
\Gm@wd@mp=\dimen120
\Gm@odd@mp=\dimen121
\Gm@even@mp=\dimen122
\Gm@layoutwidth=\dimen123
\Gm@layoutheight=\dimen124
\Gm@layouthoffset=\dimen125
\Gm@layoutvoffset=\dimen126
\Gm@dimlist=\toks16
) (f:/Program Files/texlive/2019/texmf-dist/tex/latex/graphics/graphicx.sty
Package: graphicx 2017/06/01 v1.1a Enhanced LaTeX Graphics (DPC,SPQR)
 (f:/Program Files/texlive/2019/texmf-dist/tex/latex/graphics/graphics.sty
Package: graphics 2017/06/25 v1.2c Standard LaTeX Graphics (DPC,SPQR)
 (f:/Program Files/texlive/2019/texmf-dist/tex/latex/graphics/trig.sty
Package: trig 2016/01/03 v1.10 sin cos tan (DPC)
) (f:/Program Files/texlive/2019/texmf-dist/tex/latex/graphics-cfg/graphics.cfg
File: graphics.cfg 2016/06/04 v1.11 sample graphics configuration
)
Package graphics Info: Driver file: dvipdfmx.def on input line 99.
 (f:/Program Files/texlive/2019/texmf-dist/tex/latex/graphics-def/dvipdfmx.def
File: dvipdfmx.def 2017/06/24 v5.0g Graphics/color driver for dvipdfmx
))
\Gin@req@height=\dimen127
\Gin@req@width=\dimen128
) (f:/Program Files/texlive/2019/texmf-dist/tex/latex/threeparttable/threeparttable.sty
Package: threeparttable 2003/06/13  v 3.0
\@tempboxb=\box43
) (f:/Program Files/texlive/2019/texmf-dist/tex/latex/amsmath/amsmath.sty
Package: amsmath 2018/12/01 v2.17b AMS math features
\@mathmargin=\skip43

For additional information on amsmath, use the `?' option.
(f:/Program Files/texlive/2019/texmf-dist/tex/latex/amsmath/amstext.sty
Package: amstext 2000/06/29 v2.01 AMS text
 (f:/Program Files/texlive/2019/texmf-dist/tex/latex/amsmath/amsgen.sty
File: amsgen.sty 1999/11/30 v2.0 generic functions
\@emptytoks=\toks17
\ex@=\dimen129
)) (f:/Program Files/texlive/2019/texmf-dist/tex/latex/amsmath/amsbsy.sty
Package: amsbsy 1999/11/29 v1.2d Bold Symbols
\pmbraise@=\dimen130
) (f:/Program Files/texlive/2019/texmf-dist/tex/latex/amsmath/amsopn.sty
Package: amsopn 2016/03/08 v2.02 operator names
)
\inf@bad=\count94
LaTeX Info: Redefining \frac on input line 223.
\uproot@=\count95
\leftroot@=\count96
LaTeX Info: Redefining \overline on input line 385.
\classnum@=\count97
\DOTSCASE@=\count98
LaTeX Info: Redefining \ldots on input line 482.
LaTeX Info: Redefining \dots on input line 485.
LaTeX Info: Redefining \cdots on input line 606.
\Mathstrutbox@=\box44
\strutbox@=\box45
\big@size=\dimen131
LaTeX Font Info:    Redeclaring font encoding OML on input line 729.
LaTeX Font Info:    Redeclaring font encoding OMS on input line 730.
\macc@depth=\count99
\c@MaxMatrixCols=\count100
\dotsspace@=\muskip10
\c@parentequation=\count101
\dspbrk@lvl=\count102
\tag@help=\toks18
\row@=\count103
\column@=\count104
\maxfields@=\count105
\andhelp@=\toks19
\eqnshift@=\dimen132
\alignsep@=\dimen133
\tagshift@=\dimen134
\tagwidth@=\dimen135
\totwidth@=\dimen136
\lineht@=\dimen137
\@envbody=\toks20
\multlinegap=\skip44
\multlinetaggap=\skip45
\mathdisplay@stack=\toks21
LaTeX Info: Redefining \[ on input line 2844.
LaTeX Info: Redefining \] on input line 2845.
) (f:/Program Files/texlive/2019/texmf-dist/tex/latex/amsfonts/amssymb.sty
Package: amssymb 2013/01/14 v3.01 AMS font symbols
 (f:/Program Files/texlive/2019/texmf-dist/tex/latex/amsfonts/amsfonts.sty
Package: amsfonts 2013/01/14 v3.01 Basic AMSFonts support
\symAMSa=\mathgroup4
\symAMSb=\mathgroup5
LaTeX Font Info:    Overwriting math alphabet `\mathfrak' in version `bold'
(Font)                  U/euf/m/n --> U/euf/b/n on input line 106.
)) (f:/Program Files/texlive/2019/texmf-dist/tex/latex/tools/bm.sty
Package: bm 2017/01/16 v1.2c Bold Symbol Support (DPC/FMi)
\symboldoperators=\mathgroup6
\symboldletters=\mathgroup7
\symboldsymbols=\mathgroup8
LaTeX Font Info:    Redeclaring math alphabet \mathbf on input line 141.
LaTeX Info: Redefining \bm on input line 207.
) (f:/Program Files/texlive/2019/texmf-dist/tex/latex/url/url.sty
\Urlmuskip=\muskip11
Package: url 2013/09/16  ver 3.4  Verb mode for urls, etc.
) (f:/Program Files/texlive/2019/texmf-dist/tex/latex/float/float.sty
Package: float 2001/11/08 v1.3d Float enhancements (AL)
\c@float@type=\count106
\float@exts=\toks22
\float@box=\box46
\@float@everytoks=\toks23
\@floatcapt=\box47
) (f:/Program Files/texlive/2019/texmf-dist/tex/latex/tools/array.sty
Package: array 2018/12/30 v2.4k Tabular extension package (FMi)
\col@sep=\dimen138
\ar@mcellbox=\box48
\extrarowheight=\dimen139
\NC@list=\toks24
\extratabsurround=\skip46
\backup@length=\skip47
\ar@cellbox=\box49
) (f:/Program Files/texlive/2019/texmf-dist/tex/latex/booktabs/booktabs.sty
Package: booktabs 2016/04/27 v1.618033 publication quality tables
\heavyrulewidth=\dimen140
\lightrulewidth=\dimen141
\cmidrulewidth=\dimen142
\belowrulesep=\dimen143
\belowbottomsep=\dimen144
\aboverulesep=\dimen145
\abovetopsep=\dimen146
\cmidrulesep=\dimen147
\cmidrulekern=\dimen148
\defaultaddspace=\dimen149
\@cmidla=\count107
\@cmidlb=\count108
\@aboverulesep=\dimen150
\@belowrulesep=\dimen151
\@thisruleclass=\count109
\@lastruleclass=\count110
\@thisrulewidth=\dimen152
) (f:/Program Files/texlive/2019/texmf-dist/tex/latex/setspace/setspace.sty
Package: setspace 2011/12/19 v6.7a set line spacing
) (f:/Program Files/texlive/2019/texmf-dist/tex/latex/eurosym/eurosym.sty
Package: eurosym 1998/08/06 v1.1 European currency symbol ``Euro''
\@eurobox=\box50
)
\arrayrulewidthb=\dimen153
 (c:/Users/Senna/github.com/Senna46/An-positive-analysis-of-the-monetary-transmission-mechanism-in-Europe-and-Japan/projects/main/graduation_20210104.aux)
\openout1 = `graduation_20210104.aux'.

LaTeX Font Info:    Checking defaults for OML/cmm/m/it on input line 62.
LaTeX Font Info:    ... okay on input line 62.
LaTeX Font Info:    Checking defaults for T1/cmr/m/n on input line 62.
LaTeX Font Info:    ... okay on input line 62.
LaTeX Font Info:    Checking defaults for OT1/cmr/m/n on input line 62.
LaTeX Font Info:    ... okay on input line 62.
LaTeX Font Info:    Checking defaults for OMS/cmsy/m/n on input line 62.
LaTeX Font Info:    ... okay on input line 62.
LaTeX Font Info:    Checking defaults for OMX/cmex/m/n on input line 62.
LaTeX Font Info:    ... okay on input line 62.
LaTeX Font Info:    Checking defaults for U/cmr/m/n on input line 62.
LaTeX Font Info:    ... okay on input line 62.
LaTeX Font Info:    Checking defaults for JY1/mc/m/n on input line 62.
LaTeX Font Info:    ... okay on input line 62.
LaTeX Font Info:    Checking defaults for JT1/mc/m/n on input line 62.
LaTeX Font Info:    ... okay on input line 62.

*geometry* driver: auto-detecting
*geometry* detected driver: dvips
*geometry* verbose mode - [ preamble ] result:
* driver: dvips
* paper: <default>
* layout: <same size as paper>
* layoutoffset:(h,v)=(0.0pt,0.0pt)
* modes: 
* h-part:(L,W,R)=(56.9055pt, 500.484pt, 56.9055pt)
* v-part:(T,H,B)=(85.35826pt, 624.25346pt, 85.35826pt)
* \paperwidth=614.295pt
* \paperheight=794.96999pt
* \textwidth=500.484pt
* \textheight=624.25346pt
* \oddsidemargin=-15.36449pt
* \evensidemargin=-15.36449pt
* \topmargin=-23.91173pt
* \headheight=12.0pt
* \headsep=25.0pt
* \topskip=12.0pt
* \footskip=30.0pt
* \marginparwidth=44.0pt
* \marginparsep=10.0pt
* \columnsep=10.0pt
* \skip\footins=10.8pt plus 4.0pt minus 2.0pt
* \hoffset=0.0pt
* \voffset=0.0pt
* \mag=1000
* \@twocolumnfalse
* \@twosidefalse
* \@mparswitchfalse
* \@reversemarginfalse
* (1in=72.27pt=25.4mm, 1cm=28.453pt)

LaTeX Font Info:    Try loading font information for U+msa on input line 63.
(f:/Program Files/texlive/2019/texmf-dist/tex/latex/amsfonts/umsa.fd
File: umsa.fd 2013/01/14 v3.01 AMS symbols A
)
LaTeX Font Info:    Try loading font information for U+msb on input line 63.
 (f:/Program Files/texlive/2019/texmf-dist/tex/latex/amsfonts/umsb.fd
File: umsb.fd 2013/01/14 v3.01 AMS symbols B
) [1

]
LaTeX Font Info:    Font shape `JT1/mc/bx/n' in size <10.95> not available
(Font)              Font shape `JT1/gt/m/n' tried instead on input line 69.
LaTeX Font Info:    Font shape `JY1/mc/bx/n' in size <10.95> not available
(Font)              Font shape `JY1/gt/m/n' tried instead on input line 69.
 [2]
LaTeX Font Info:    Font shape `JT1/mc/bx/n' in size <17.28> not available
(Font)              Font shape `JT1/gt/m/n' tried instead on input line 84.
LaTeX Font Info:    Font shape `JY1/mc/bx/n' in size <17.28> not available
(Font)              Font shape `JY1/gt/m/n' tried instead on input line 84.
 (c:/Users/Senna/github.com/Senna46/An-positive-analysis-of-the-monetary-transmission-mechanism-in-Europe-and-Japan/projects/main/graduation_20210104.toc)
\tf@toc=\write3
\openout3 = `graduation_20210104.toc'.

 [1] [1] [2] [3]
LaTeX Font Info:    Font shape `JT1/mc/bx/n' in size <14.4> not available
(Font)              Font shape `JT1/gt/m/n' tried instead on input line 141.
LaTeX Font Info:    Font shape `JY1/mc/bx/n' in size <14.4> not available
(Font)              Font shape `JY1/gt/m/n' tried instead on input line 141.
 [4]
File: currentaccount.pdf Graphic file (type pdf)
<currentaccount.pdf>
 [5] [6]
Overfull \hbox (9.041pt too wide) in paragraph at lines 182--188
[]\OT1/cmr/m/n/10.95 Other pre-vi-ous stud-ies that have an-a-lyzed the im-pact on fi-nan-cial mar-kets in-clude Fratzscher
 []

[7] [8] [9] [10] [11] [12] [13] [14] [15]
Overfull \hbox (20.40135pt too wide) in paragraph at lines 408--428
 [] 
 []

(I search kanjifont definition file: . . )
Overfull \hbox (28.62488pt too wide) in paragraph at lines 437--456
 [] 
 []

File: mbfix.pdf Graphic file (type pdf)
<mbfix.pdf>
File: cpi09.pdf Graphic file (type pdf)
<cpi09.pdf>

LaTeX Warning: Float too large for page by 48.84436pt on input line 475.

[16] [17]
File: libor09.pdf Graphic file (type pdf)
<libor09.pdf>
File: bond09.pdf Graphic file (type pdf)
<bond09.pdf>
 [18]
Overfull \hbox (0.70387pt too wide) in paragraph at lines 492--497
\OML/cmm/m/it/10.95 USDJPY$\OT1/cmr/m/n/10.95 , $\OML/cmm/m/it/10.95 JSTOCK$\OT1/cmr/m/n/10.95 , and $\OML/cmm/m/it/10.95 JCPI$ \OT1/cmr/m/n/10.95 for the Japanese anal-y-sis, and $\OML/cmm/m/it/10.95 EMB$\OT1/cmr/m/n/10.95 , $\OML/cmm/m/it/10.95 ELIBOR$\OT1/cmr/m/n/10.95 , $\OML/cmm/m/it/10.95 EBOND$\OT1/cmr/m/n/10.95 ,
 []

[19] [20]
File: jimpulse.pdf Graphic file (type pdf)
<jimpulse.pdf>

Overfull \hbox (11.6656pt too wide) in paragraph at lines 519--520
 [] 
 []

[21]
File: ijbond.pdf Graphic file (type pdf)
<ijbond.pdf>

Overfull \hbox (5.83281pt too wide) in paragraph at lines 529--530
 [] 
 []

File: ijrate.pdf Graphic file (type pdf)
<ijrate.pdf>

Overfull \hbox (5.83281pt too wide) in paragraph at lines 535--536
 [] 
 []

File: ijstock.pdf Graphic file (type pdf)
<ijstock.pdf>

Overfull \hbox (5.83281pt too wide) in paragraph at lines 541--542
 [] 
 []

File: ijcpi.pdf Graphic file (type pdf)
<ijcpi.pdf>

Overfull \hbox (5.83281pt too wide) in paragraph at lines 547--548
 [] 
 []


Overfull \hbox (2.61107pt too wide) in paragraph at lines 526--550
[][]$[]$[] []$[]$[]
 []


Overfull \hbox (2.61107pt too wide) in paragraph at lines 526--550
[]$[]$[] []$[]$[] 
 []

[22] [23]
File: eimpulse.pdf Graphic file (type pdf)
<eimpulse.pdf>

Overfull \hbox (11.6656pt too wide) in paragraph at lines 578--579
 [][] 
 []

[24]
File: ielibor.pdf Graphic file (type pdf)
<ielibor.pdf>

Overfull \hbox (5.83281pt too wide) in paragraph at lines 587--588
 [] 
 []

File: ierate.pdf Graphic file (type pdf)
<ierate.pdf>

Overfull \hbox (5.83281pt too wide) in paragraph at lines 593--594
 [] 
 []

File: iestock.pdf Graphic file (type pdf)
<iestock.pdf>

Overfull \hbox (5.83281pt too wide) in paragraph at lines 599--600
 [] 
 []

File: iehicp.pdf Graphic file (type pdf)
<iehicp.pdf>

Overfull \hbox (5.83281pt too wide) in paragraph at lines 605--606
 [] 
 []


Overfull \hbox (2.61107pt too wide) in paragraph at lines 584--608
[][]$[]$[] []$[]$[]
 []


Overfull \hbox (2.61107pt too wide) in paragraph at lines 584--608
[]$[]$[] []$[]$[] 
 []

[25]
Overfull \hbox (27.32054pt too wide) in paragraph at lines 620--622
[]\OT1/cmr/m/n/10.95 In re-gres-sions on the dif-fer-ence se-ries, the con-sump-tion tax hike dummy vari-able $\OML/cmm/m/it/10.95 TAXDUMMY$
 []

[26]
File: it.pdf Graphic file (type pdf)
<it.pdf>
File: os.pdf Graphic file (type pdf)
<os.pdf>
 [27] [28] [29] [30] [31] [32] (c:/Users/Senna/github.com/Senna46/An-positive-analysis-of-the-monetary-transmission-mechanism-in-Europe-and-Japan/projects/main/graduation_20210104.aux) ) 
Here is how much of TeX's memory you used:
 3107 strings out of 493230
 43907 string characters out of 6142327
 130363 words of memory out of 5000000
 7001 multiletter control sequences out of 15000+600000
 28578 words of font info for 111 fonts, out of 8000000 for 9000
 929 hyphenation exceptions out of 8191
 27i,15n,27p,529b,465s stack positions out of 5000i,500n,10000p,200000b,80000s

Output written on c:/Users/Senna/github.com/Senna46/An-positive-analysis-of-the-monetary-transmission-mechanism-in-Europe-and-Japan/projects/main/graduation_20210104.dvi (35 pages, 71820 bytes).
